2021-07-15 14:42:01,390 - mmdet - INFO - Environment info:
------------------------------------------------------------
sys.platform: linux
Python: 3.7.10 (default, Feb 26 2021, 18:47:35) [GCC 7.3.0]
CUDA available: True
GPU 0: Tesla V100-PCIE-16GB
CUDA_HOME: /usr/local/cuda/10.1/
NVCC: Cuda compilation tools, release 10.1, V10.1.105
GCC: gcc (GCC) 5.4.0
PyTorch: 1.6.0+cu101
PyTorch compiling details: PyTorch built with:
  - GCC 7.3
  - C++ Version: 201402
  - Intel(R) Math Kernel Library Version 2019.0.5 Product Build 20190808 for Intel(R) 64 architecture applications
  - Intel(R) MKL-DNN v1.5.0 (Git Hash e2ac1fac44c5078ca927cb9b90e1b3066a0b2ed0)
  - OpenMP 201511 (a.k.a. OpenMP 4.5)
  - NNPACK is enabled
  - CPU capability usage: AVX2
  - CUDA Runtime 10.1
  - NVCC architecture flags: -gencode;arch=compute_37,code=sm_37;-gencode;arch=compute_50,code=sm_50;-gencode;arch=compute_60,code=sm_60;-gencode;arch=compute_70,code=sm_70;-gencode;arch=compute_75,code=sm_75
  - CuDNN 7.6.3
  - Magma 2.5.2
  - Build settings: BLAS=MKL, BUILD_TYPE=Release, CXX_FLAGS= -Wno-deprecated -fvisibility-inlines-hidden -DUSE_PTHREADPOOL -fopenmp -DNDEBUG -DUSE_FBGEMM -DUSE_QNNPACK -DUSE_PYTORCH_QNNPACK -DUSE_XNNPACK -DUSE_VULKAN_WRAPPER -O2 -fPIC -Wno-narrowing -Wall -Wextra -Werror=return-type -Wno-missing-field-initializers -Wno-type-limits -Wno-array-bounds -Wno-unknown-pragmas -Wno-sign-compare -Wno-unused-parameter -Wno-unused-variable -Wno-unused-function -Wno-unused-result -Wno-unused-local-typedefs -Wno-strict-overflow -Wno-strict-aliasing -Wno-error=deprecated-declarations -Wno-stringop-overflow -Wno-error=pedantic -Wno-error=redundant-decls -Wno-error=old-style-cast -fdiagnostics-color=always -faligned-new -Wno-unused-but-set-variable -Wno-maybe-uninitialized -fno-math-errno -fno-trapping-math -Werror=format -Wno-stringop-overflow, PERF_WITH_AVX=1, PERF_WITH_AVX2=1, PERF_WITH_AVX512=1, USE_CUDA=ON, USE_EXCEPTION_PTR=1, USE_GFLAGS=OFF, USE_GLOG=OFF, USE_MKL=ON, USE_MKLDNN=ON, USE_MPI=OFF, USE_NCCL=ON, USE_NNPACK=ON, USE_OPENMP=ON, USE_STATIC_DISPATCH=OFF, 

TorchVision: 0.7.0+cu101
OpenCV: 4.5.2
MMCV: 1.2.7
MMCV Compiler: GCC 7.3
MMCV CUDA Compiler: 10.1
MMDetection: 2.11.0+515b289
------------------------------------------------------------

2021-07-15 14:42:01,845 - mmdet - INFO - Distributed training: False
2021-07-15 14:42:02,319 - mmdet - INFO - Config:
model = dict(
    type='CascadeRCNN',
    pretrained='open-mmlab://msra/hrnetv2_w40',
    backbone=dict(
        type='HRNet',
        extra=dict(
            stage1=dict(
                num_modules=1,
                num_branches=1,
                block='BOTTLENECK',
                num_blocks=(4, ),
                num_channels=(64, )),
            stage2=dict(
                num_modules=1,
                num_branches=2,
                block='BASIC',
                num_blocks=(4, 4),
                num_channels=(40, 80)),
            stage3=dict(
                num_modules=4,
                num_branches=3,
                block='BASIC',
                num_blocks=(4, 4, 4),
                num_channels=(40, 80, 160)),
            stage4=dict(
                num_modules=3,
                num_branches=4,
                block='BASIC',
                num_blocks=(4, 4, 4, 4),
                num_channels=(40, 80, 160, 320)))),
    neck=dict(type='HRFPN', in_channels=[40, 80, 160, 320], out_channels=256),
    rpn_head=dict(
        type='RPNHead',
        in_channels=256,
        feat_channels=256,
        anchor_generator=dict(
            type='AnchorGenerator',
            scales=[8],
            ratios=[0.5, 1.0, 2.0],
            strides=[4, 8, 16, 32, 64]),
        bbox_coder=dict(
            type='DeltaXYWHBBoxCoder',
            target_means=[0.0, 0.0, 0.0, 0.0],
            target_stds=[1.0, 1.0, 1.0, 1.0]),
        loss_cls=dict(
            type='CrossEntropyLoss', use_sigmoid=True, loss_weight=1.0),
        loss_bbox=dict(
            type='SmoothL1Loss', beta=0.1111111111111111, loss_weight=1.0)),
    roi_head=dict(
        type='CascadeRoIHead',
        num_stages=3,
        stage_loss_weights=[1, 0.5, 0.25],
        bbox_roi_extractor=dict(
            type='SingleRoIExtractor',
            roi_layer=dict(type='RoIAlign', output_size=7, sampling_ratio=0),
            out_channels=256,
            featmap_strides=[4, 8, 16, 32]),
        bbox_head=[
            dict(
                type='Shared2FCBBoxHead',
                in_channels=256,
                fc_out_channels=1024,
                roi_feat_size=7,
                num_classes=1,
                bbox_coder=dict(
                    type='DeltaXYWHBBoxCoder',
                    target_means=[0.0, 0.0, 0.0, 0.0],
                    target_stds=[0.1, 0.1, 0.2, 0.2]),
                reg_class_agnostic=True,
                loss_cls=dict(
                    type='CrossEntropyLoss',
                    use_sigmoid=False,
                    loss_weight=1.0),
                loss_bbox=dict(type='SmoothL1Loss', beta=1.0,
                               loss_weight=1.0)),
            dict(
                type='Shared2FCBBoxHead',
                in_channels=256,
                fc_out_channels=1024,
                roi_feat_size=7,
                num_classes=1,
                bbox_coder=dict(
                    type='DeltaXYWHBBoxCoder',
                    target_means=[0.0, 0.0, 0.0, 0.0],
                    target_stds=[0.05, 0.05, 0.1, 0.1]),
                reg_class_agnostic=True,
                loss_cls=dict(
                    type='CrossEntropyLoss',
                    use_sigmoid=False,
                    loss_weight=1.0),
                loss_bbox=dict(type='SmoothL1Loss', beta=1.0,
                               loss_weight=1.0)),
            dict(
                type='Shared2FCBBoxHead',
                in_channels=256,
                fc_out_channels=1024,
                roi_feat_size=7,
                num_classes=1,
                bbox_coder=dict(
                    type='DeltaXYWHBBoxCoder',
                    target_means=[0.0, 0.0, 0.0, 0.0],
                    target_stds=[0.033, 0.033, 0.067, 0.067]),
                reg_class_agnostic=True,
                loss_cls=dict(
                    type='CrossEntropyLoss',
                    use_sigmoid=False,
                    loss_weight=1.0),
                loss_bbox=dict(type='SmoothL1Loss', beta=1.0, loss_weight=1.0))
        ],
        mask_roi_extractor=dict(
            type='SingleRoIExtractor',
            roi_layer=dict(type='RoIAlign', output_size=14, sampling_ratio=0),
            out_channels=256,
            featmap_strides=[4, 8, 16, 32]),
        mask_head=dict(
            type='FCNMaskHead',
            num_convs=4,
            in_channels=256,
            conv_out_channels=256,
            num_classes=1,
            loss_mask=dict(
                type='CrossEntropyLoss', use_mask=True, loss_weight=1.0))),
    train_cfg=dict(
        rpn=dict(
            assigner=dict(
                type='MaxIoUAssigner',
                pos_iou_thr=0.7,
                neg_iou_thr=0.3,
                min_pos_iou=0.3,
                match_low_quality=True,
                ignore_iof_thr=-1),
            sampler=dict(
                type='RandomSampler',
                num=256,
                pos_fraction=0.5,
                neg_pos_ub=-1,
                add_gt_as_proposals=False),
            allowed_border=0,
            pos_weight=-1,
            debug=False),
        rpn_proposal=dict(
            nms_pre=2000,
            max_per_img=2000,
            nms=dict(type='nms', iou_threshold=0.7),
            min_bbox_size=0),
        rcnn=[
            dict(
                assigner=dict(
                    type='MaxIoUAssigner',
                    pos_iou_thr=0.5,
                    neg_iou_thr=0.5,
                    min_pos_iou=0.5,
                    match_low_quality=False,
                    ignore_iof_thr=-1),
                sampler=dict(
                    type='RandomSampler',
                    num=512,
                    pos_fraction=0.25,
                    neg_pos_ub=-1,
                    add_gt_as_proposals=True),
                mask_size=28,
                pos_weight=-1,
                debug=False),
            dict(
                assigner=dict(
                    type='MaxIoUAssigner',
                    pos_iou_thr=0.6,
                    neg_iou_thr=0.6,
                    min_pos_iou=0.6,
                    match_low_quality=False,
                    ignore_iof_thr=-1),
                sampler=dict(
                    type='RandomSampler',
                    num=512,
                    pos_fraction=0.25,
                    neg_pos_ub=-1,
                    add_gt_as_proposals=True),
                mask_size=28,
                pos_weight=-1,
                debug=False),
            dict(
                assigner=dict(
                    type='MaxIoUAssigner',
                    pos_iou_thr=0.7,
                    neg_iou_thr=0.7,
                    min_pos_iou=0.7,
                    match_low_quality=False,
                    ignore_iof_thr=-1),
                sampler=dict(
                    type='RandomSampler',
                    num=512,
                    pos_fraction=0.25,
                    neg_pos_ub=-1,
                    add_gt_as_proposals=True),
                mask_size=28,
                pos_weight=-1,
                debug=False)
        ]),
    test_cfg=dict(
        rpn=dict(
            nms_pre=1000,
            max_per_img=1000,
            nms=dict(type='nms', iou_threshold=0.7),
            min_bbox_size=0),
        rcnn=dict(
            score_thr=0.05,
            nms=dict(type='nms', iou_threshold=0.3),
            max_per_img=100,
            mask_thr_binary=0.5)))
dataset_type = 'CocoDataset'
classes = ('beading', )
data_root = 'data/'
img_norm_cfg = dict(
    mean=[123.675, 116.28, 103.53], std=[58.395, 57.12, 57.375], to_rgb=False)
train_pipeline = [
    dict(type='LoadImageFromFile'),
    dict(
        type='LoadAnnotations', with_bbox=True, with_mask=True,
        poly2mask=True),
    dict(type='Resize', img_scale=(1333, 800), keep_ratio=True),
    dict(type='RandomFlip', flip_ratio=0.5),
    dict(
        type='Normalize',
        mean=[123.675, 116.28, 103.53],
        std=[58.395, 57.12, 57.375],
        to_rgb=False),
    dict(type='Pad', size_divisor=32),
    dict(type='DefaultFormatBundle'),
    dict(type='Collect', keys=['img', 'gt_bboxes', 'gt_labels', 'gt_masks'])
]
test_pipeline = [
    dict(type='LoadImageFromFile'),
    dict(
        type='MultiScaleFlipAug',
        img_scale=(1333, 800),
        flip=False,
        transforms=[
            dict(type='Resize', keep_ratio=True),
            dict(type='RandomFlip'),
            dict(
                type='Normalize',
                mean=[123.675, 116.28, 103.53],
                std=[58.395, 57.12, 57.375],
                to_rgb=False),
            dict(type='Pad', size_divisor=32),
            dict(type='ImageToTensor', keys=['img']),
            dict(type='Collect', keys=['img'])
        ])
]
data = dict(
    samples_per_gpu=2,
    workers_per_gpu=2,
    train=dict(
        type='CocoDataset',
        classes=('beading', ),
        ann_file='data/traincombine.json',
        img_prefix='data/bead_combined/',
        pipeline=[
            dict(type='LoadImageFromFile'),
            dict(
                type='LoadAnnotations',
                with_bbox=True,
                with_mask=True,
                poly2mask=True),
            dict(type='Resize', img_scale=(1333, 800), keep_ratio=True),
            dict(type='RandomFlip', flip_ratio=0.5),
            dict(
                type='Normalize',
                mean=[123.675, 116.28, 103.53],
                std=[58.395, 57.12, 57.375],
                to_rgb=False),
            dict(type='Pad', size_divisor=32),
            dict(type='DefaultFormatBundle'),
            dict(
                type='Collect',
                keys=['img', 'gt_bboxes', 'gt_labels', 'gt_masks'])
        ]),
    val=dict(
        type='CocoDataset',
        classes=('beading', ),
        ann_file='data/testcombine.json',
        img_prefix='data/bead_combined/',
        pipeline=[
            dict(type='LoadImageFromFile'),
            dict(
                type='MultiScaleFlipAug',
                img_scale=(1333, 800),
                flip=False,
                transforms=[
                    dict(type='Resize', keep_ratio=True),
                    dict(type='RandomFlip'),
                    dict(
                        type='Normalize',
                        mean=[123.675, 116.28, 103.53],
                        std=[58.395, 57.12, 57.375],
                        to_rgb=False),
                    dict(type='Pad', size_divisor=32),
                    dict(type='ImageToTensor', keys=['img']),
                    dict(type='Collect', keys=['img'])
                ])
        ]),
    test=dict(
        type='CocoDataset',
        classes=('beading', ),
        ann_file='data/testcombine.json',
        img_prefix='data/bead_combined/',
        pipeline=[
            dict(type='LoadImageFromFile'),
            dict(
                type='MultiScaleFlipAug',
                img_scale=(1333, 800),
                flip=False,
                transforms=[
                    dict(type='Resize', keep_ratio=True),
                    dict(type='RandomFlip'),
                    dict(
                        type='Normalize',
                        mean=[123.675, 116.28, 103.53],
                        std=[58.395, 57.12, 57.375],
                        to_rgb=False),
                    dict(type='Pad', size_divisor=32),
                    dict(type='ImageToTensor', keys=['img']),
                    dict(type='Collect', keys=['img'])
                ])
        ]))
evaluation = dict(interval=1, metric=['bbox', 'segm'])
optimizer = dict(type='SGD', lr=0.02, momentum=0.9, weight_decay=0.0001)
optimizer_config = dict(grad_clip=None)
lr_config = dict(
    policy='step',
    warmup='linear',
    warmup_iters=500,
    warmup_ratio=0.001,
    step=[16, 19])
runner = dict(type='EpochBasedRunner', max_epochs=30)
checkpoint_config = dict(interval=1, max_keep_ckpts=4)
log_config = dict(
    interval=2,
    hooks=[dict(type='TextLoggerHook'),
           dict(type='TensorboardLoggerHook')])
dist_params = dict(backend='nccl')
log_level = 'INFO'
load_from = 'freeze/train_medium_gray/epoch_20.pth'
resume_from = None
workflow = [('train', 1)]
work_dir = 'freeze/train_combined_lr002'
gpu_ids = range(0, 1)

2021-07-15 14:42:03,329 - mmdet - INFO - load model from: open-mmlab://msra/hrnetv2_w40
2021-07-15 14:42:03,330 - mmdet - INFO - Use load_from_openmmlab loader
2021-07-15 14:42:03,956 - mmdet - WARNING - The model and loaded state dict do not match exactly

unexpected key in source state_dict: incre_modules.0.0.conv1.weight, incre_modules.0.0.bn1.weight, incre_modules.0.0.bn1.bias, incre_modules.0.0.bn1.running_mean, incre_modules.0.0.bn1.running_var, incre_modules.0.0.bn1.num_batches_tracked, incre_modules.0.0.conv2.weight, incre_modules.0.0.bn2.weight, incre_modules.0.0.bn2.bias, incre_modules.0.0.bn2.running_mean, incre_modules.0.0.bn2.running_var, incre_modules.0.0.bn2.num_batches_tracked, incre_modules.0.0.conv3.weight, incre_modules.0.0.bn3.weight, incre_modules.0.0.bn3.bias, incre_modules.0.0.bn3.running_mean, incre_modules.0.0.bn3.running_var, incre_modules.0.0.bn3.num_batches_tracked, incre_modules.0.0.downsample.0.weight, incre_modules.0.0.downsample.1.weight, incre_modules.0.0.downsample.1.bias, incre_modules.0.0.downsample.1.running_mean, incre_modules.0.0.downsample.1.running_var, incre_modules.0.0.downsample.1.num_batches_tracked, incre_modules.1.0.conv1.weight, incre_modules.1.0.bn1.weight, incre_modules.1.0.bn1.bias, incre_modules.1.0.bn1.running_mean, incre_modules.1.0.bn1.running_var, incre_modules.1.0.bn1.num_batches_tracked, incre_modules.1.0.conv2.weight, incre_modules.1.0.bn2.weight, incre_modules.1.0.bn2.bias, incre_modules.1.0.bn2.running_mean, incre_modules.1.0.bn2.running_var, incre_modules.1.0.bn2.num_batches_tracked, incre_modules.1.0.conv3.weight, incre_modules.1.0.bn3.weight, incre_modules.1.0.bn3.bias, incre_modules.1.0.bn3.running_mean, incre_modules.1.0.bn3.running_var, incre_modules.1.0.bn3.num_batches_tracked, incre_modules.1.0.downsample.0.weight, incre_modules.1.0.downsample.1.weight, incre_modules.1.0.downsample.1.bias, incre_modules.1.0.downsample.1.running_mean, incre_modules.1.0.downsample.1.running_var, incre_modules.1.0.downsample.1.num_batches_tracked, incre_modules.2.0.conv1.weight, incre_modules.2.0.bn1.weight, incre_modules.2.0.bn1.bias, incre_modules.2.0.bn1.running_mean, incre_modules.2.0.bn1.running_var, incre_modules.2.0.bn1.num_batches_tracked, incre_modules.2.0.conv2.weight, incre_modules.2.0.bn2.weight, incre_modules.2.0.bn2.bias, incre_modules.2.0.bn2.running_mean, incre_modules.2.0.bn2.running_var, incre_modules.2.0.bn2.num_batches_tracked, incre_modules.2.0.conv3.weight, incre_modules.2.0.bn3.weight, incre_modules.2.0.bn3.bias, incre_modules.2.0.bn3.running_mean, incre_modules.2.0.bn3.running_var, incre_modules.2.0.bn3.num_batches_tracked, incre_modules.2.0.downsample.0.weight, incre_modules.2.0.downsample.1.weight, incre_modules.2.0.downsample.1.bias, incre_modules.2.0.downsample.1.running_mean, incre_modules.2.0.downsample.1.running_var, incre_modules.2.0.downsample.1.num_batches_tracked, incre_modules.3.0.conv1.weight, incre_modules.3.0.bn1.weight, incre_modules.3.0.bn1.bias, incre_modules.3.0.bn1.running_mean, incre_modules.3.0.bn1.running_var, incre_modules.3.0.bn1.num_batches_tracked, incre_modules.3.0.conv2.weight, incre_modules.3.0.bn2.weight, incre_modules.3.0.bn2.bias, incre_modules.3.0.bn2.running_mean, incre_modules.3.0.bn2.running_var, incre_modules.3.0.bn2.num_batches_tracked, incre_modules.3.0.conv3.weight, incre_modules.3.0.bn3.weight, incre_modules.3.0.bn3.bias, incre_modules.3.0.bn3.running_mean, incre_modules.3.0.bn3.running_var, incre_modules.3.0.bn3.num_batches_tracked, incre_modules.3.0.downsample.0.weight, incre_modules.3.0.downsample.1.weight, incre_modules.3.0.downsample.1.bias, incre_modules.3.0.downsample.1.running_mean, incre_modules.3.0.downsample.1.running_var, incre_modules.3.0.downsample.1.num_batches_tracked, downsamp_modules.0.0.weight, downsamp_modules.0.0.bias, downsamp_modules.0.1.weight, downsamp_modules.0.1.bias, downsamp_modules.0.1.running_mean, downsamp_modules.0.1.running_var, downsamp_modules.0.1.num_batches_tracked, downsamp_modules.1.0.weight, downsamp_modules.1.0.bias, downsamp_modules.1.1.weight, downsamp_modules.1.1.bias, downsamp_modules.1.1.running_mean, downsamp_modules.1.1.running_var, downsamp_modules.1.1.num_batches_tracked, downsamp_modules.2.0.weight, downsamp_modules.2.0.bias, downsamp_modules.2.1.weight, downsamp_modules.2.1.bias, downsamp_modules.2.1.running_mean, downsamp_modules.2.1.running_var, downsamp_modules.2.1.num_batches_tracked, final_layer.0.weight, final_layer.0.bias, final_layer.1.weight, final_layer.1.bias, final_layer.1.running_mean, final_layer.1.running_var, final_layer.1.num_batches_tracked, classifier.weight, classifier.bias

apex is not installed
apex is not installed
apex is not installed
apex is not installed
loading annotations into memory...
Done (t=0.03s)
creating index...
index created!
Traceback (most recent call last):
  File "/projects/bw83/anley1/conda_envs/swinEnv/lib/python3.7/site-packages/mmcv/utils/registry.py", line 179, in build_from_cfg
    return obj_cls(**args)
  File "/projects/bw83/anley1/Swin-Transformer-Object-Detection/mmdet/datasets/custom.py", line 87, in __init__
    self.data_infos = self.load_annotations(self.ann_file)
  File "/projects/bw83/anley1/Swin-Transformer-Object-Detection/mmdet/datasets/coco.py", line 67, in load_annotations
    total_ann_ids), f"Annotation ids in '{ann_file}' are not unique!"
AssertionError: Annotation ids in 'data/traincombine.json' are not unique!

During handling of the above exception, another exception occurred:

Traceback (most recent call last):
  File "tools/train.py", line 188, in <module>
    main()
  File "tools/train.py", line 163, in main
    datasets = [build_dataset(cfg.data.train)]
  File "/projects/bw83/anley1/Swin-Transformer-Object-Detection/mmdet/datasets/builder.py", line 71, in build_dataset
    dataset = build_from_cfg(cfg, DATASETS, default_args)
  File "/projects/bw83/anley1/conda_envs/swinEnv/lib/python3.7/site-packages/mmcv/utils/registry.py", line 182, in build_from_cfg
    raise type(e)(f'{obj_cls.__name__}: {e}')
AssertionError: CocoDataset: Annotation ids in 'data/traincombine.json' are not unique!
